16:34:47.221 > Splash.onStateUpdate: {"status":"launching"}
blackbox: 4/12/2025, 4:34:47 PM MDT 6 ✅ window.created win2 "Discord"
16:34:47.758 > Splash.updateCountdownSeconds: undefined
16:34:47.929 > [FAST CONNECT] wss://gateway.discord.gg/?encoding=etf&v=9&compress=zstd-stream, encoding: etf, version: 9
16:34:48.148 > Initializing voice engine with audio subsystem: experimental
16:34:48.224 > [DatabaseManager] active user changed (now: 1308864998373851157, was: null, was: undefined)
16:34:48.275 > [default] [BUILD INFO] Release Channel: stable, Build Number: 389004, Version Hash: 9e468acd9390c99cb2af3a3ace62b3b4d9b71d78
16:34:48.388 > [default] [NATIVE INFO] host 1.0.9188, modules: discord_dispatch: 1, discord_krisp: 1, discord_media: 1, discord_erlpack: 1, discord_voice: 2, discord_modules: 1, discord_game_utils: 1, discord_rpc: 1, discord_utils: 2, discord_hook: 1, discord_spellcheck: 1, discord_zstd: 1, discord_overlay2: 1, discord_desktop_overlay: 2, discord_desktop_core: 2, discord_cloudsync: 1, build: 61444
16:34:48.528 > [FAST CONNECT] connected in 598ms
16:34:48.621 > [Spellchecker] Switching to en-US (available)
16:34:48.760 > Splash.updateCountdownSeconds: undefined
mainScreen.setWindowVisible: didn't show. andUnminimize: false, isMinimized: true.
mainScreen.setWindowVisible: didn't show. andUnminimize: false, isMinimized: true.
16:34:49.759 > Splash.updateCountdownSeconds: undefined
16:34:50.051 > [ConnectionStore] Socket is reconnecting because of starting new session
16:34:50.051 > [GatewaySocket] .connect() called, new state is WILL_RECONNECT
16:34:50.051 > [GatewaySocket] Setting connection state to WILL_RECONNECT
16:34:50.052 > [GatewaySocket] Setting connection state to CONNECTING
16:34:50.052 > [GatewaySocket] [CONNECT] wss://gateway.discord.gg, encoding: etf, version: 9, compression: zstd-stream
16:34:50.052 > [GatewaySocket] [FAST CONNECT] successfully took over websocket, state: [object Object]
16:34:50.053 > [GatewaySocket] [CONNECTED] wss://gateway.discord.gg/?encoding=etf&v=9&compress=zstd-stream in 0 ms
16:34:50.053 > [ConnectionStore] handleIdentify called [object Object]
16:34:50.053 > [GatewaySocket] Setting connection state to IDENTIFYING
16:34:50.053 > [GatewaySocket] [HELLO] via
gateway-prd-us-east1-c-k12k: 0, heartbeat interval: 41250, took 0 ms
16:34:50.063 > [GatewaySocket] [IDENTIFY]
16:34:50.071 > [Routing/Utils] transitionTo - Transitioning to /channels/866514085462147112/channel-browser
16:34:50.192 > [libdiscore] The answer for life the universe and everything is: 42
mainScreen.on(did-finish-load) false false
blackbox: 4/12/2025, 4:34:50 PM MDT 7 ✅ webContents.did-finish-load web2
splashScreen.pageReady
mainScreen.setWindowVisible: didn't show. andUnminimize: false, isMinimized: true.
16:34:50.240 > [Routing/Utils] transitionTo - Transitioning to /channels/866514085462147112/channel-browser
16:34:50.335 > [GatewaySocket] [READY] took 283ms, as a7798db08db19c4c9717e89d90763941
16:34:50.335 > [GatewaySocket]
gateway-prd-us-east1-c-k12k: 123.044
|  id_created: 1.057
|  session_lookup_time: 0.344
|  session_lookup_finished: 0.028
|  discord-sessions-prd-2-14: 120.219
|  |  start_session: 96.372
|  |  |  discord-api-rpc-556f7996f-p5779: 84.955
|  |  |  |  get_user: 4.488
|  |  |  |  get_guilds: 21.992
|  |  |  |  user_settings_proto: 0.05
|  |  |  |  relationships: 11.744
|  |  |  |  game_relationships: 0.002
|  |  |  |  friend_suggestion: 0.059
|  |  |  |  connections: 0.021
|  |  |  |  serialized_read_states: 0.002
|  |  |  |  send_scheduled_deletion_message: 0.001
|  |  |  |  sanitize_premium_perks: 0.001
|  |  |  |  guild_join_requests: 0.001
|  |  |  |  user_guild_settings: 0.974
|  |  |  |  serialized_private_channels: 0.002
|  |  |  |  user_segments: 7.869
|  |  |  |  game_invites: 0.003
|  |  |  |  blocker_ids: 0.002
|  |  |  |  affine_user_ids: 0.006
|  |  |  |  experiments: 14.516
|  |  |  |  required_action: 0.01
|  |  |  |  authorized_ip_coro: 0.002
|  |  |  |  pending_payments: 0.954
|  |  |  |  apex_user_experiments: 0.002
|  |  starting_guild_connect: 0.062
|  |  presence_started: 6.662
|  |  guilds_started: 0.062
|  |  lobbies_started: 0
|  |  guilds_connect: 9.646
|  |  presence_connect: 0.001
|  |  connect_finished: 16.32
|  |  build_ready: 0.485
|  |  clean_ready: 0.001
|  |  optimize_ready: 0.24
|  |  split_ready: 0.013
16:34:50.336 > [GatewaySocket] Setting connection state to SESSION_ESTABLISHED
16:34:50.336 > [GatewaySocket] Updating resume url to wss://gateway-us-east1-c.discord.gg
blackbox: 4/12/2025, 4:34:50 PM MDT 8 window.close win1
16:34:50.344 > [Flux] Dispatching CONNECTION_OPEN
16:34:50.345 > [AuthenticationStore] handleConnectionOpen called [object Object]
blackbox: 4/12/2025, 4:34:50 PM MDT 9 webContents.destroyed web1
16:34:50.348 > [DatabaseManager] removing database (user: 1308864998373851157, database: undefined)
16:34:50.349 > [DatabaseManager] added database (1308864998373851157 → null)
blackbox: 4/12/2025, 4:34:50 PM MDT 10 window.closed win1
16:34:50.360 > Deferring audio subsystem switch to experimental until next restart.
16:34:50.364 > [OverlayRenderStore] setOverlayEnabled: supported [object Object]
16:34:50.365 > [OverlayRenderStore] setOverlayEnabled [object Object]
16:34:50.365 > [OverlayRenderStore] Legacy change
16:34:50.365 > [OverlayRenderStore] OOP change
16:34:50.375 > [OverlayStoreV3] Maybe Enable Overlay
16:34:50.375 > [OverlayStoreV3] Loading Out of Process Overlay Module
16:34:50.384 > [GatewaySocket] [READY_SUPPLEMENTAL] took 333ms
16:34:50.385 > [GatewaySocket] Setting connection state to SESSION_ESTABLISHED
16:34:51.452 > [RPCServer:WSS] Starting on 6463
16:34:51.453 > [RPCServer:IPC] Starting on \\?\pipe\discord-ipc-0
16:34:51.620 > [OverlayStoreV3] OverlayV3 Module Loaded
16:34:52.382 > [OverlayRenderStore] Retracking 0 games (0 already tracked)
16:34:52.383 > [OverlayRenderStore] Retracked 0 games
16:34:52.569 > [libdiscore] isLibdiscoreBlockedDomainsEnabledThisSession: false
16:34:53.000 > [Flux] Slow dispatch on GAMES_DATABASE_UPDATE: 219.70000000298023ms
